\BOOKMARK [0][-]{chapter.1}{\376\377\000C\000l\000a\000s\000s\000\040\000I\000n\000d\000e\000x}{}% 1
\BOOKMARK [1][-]{section.1.1}{\376\377\000C\000l\000a\000s\000s\000\040\000L\000i\000s\000t}{chapter.1}% 2
\BOOKMARK [0][-]{chapter.2}{\376\377\000C\000l\000a\000s\000s\000\040\000D\000o\000c\000u\000m\000e\000n\000t\000a\000t\000i\000o\000n}{}% 3
\BOOKMARK [1][-]{section.2.1}{\376\377\000D\000z\000i\000a\000l\000a\000n\000i\000e\000\040\000C\000l\000a\000s\000s\000\040\000R\000e\000f\000e\000r\000e\000n\000c\000e}{chapter.2}% 4
\BOOKMARK [2][-]{subsection.2.1.1}{\376\377\000D\000e\000t\000a\000i\000l\000e\000d\000\040\000D\000e\000s\000c\000r\000i\000p\000t\000i\000o\000n}{section.2.1}% 5
\BOOKMARK [2][-]{subsection.2.1.2}{\376\377\000M\000e\000m\000b\000e\000r\000\040\000F\000u\000n\000c\000t\000i\000o\000n\000\040\000D\000o\000c\000u\000m\000e\000n\000t\000a\000t\000i\000o\000n}{section.2.1}% 6
\BOOKMARK [3][-]{subsubsection.2.1.2.1}{\376\377\000h\000e\000a\000p}{subsection.2.1.2}% 7
\BOOKMARK [3][-]{subsubsection.2.1.2.2}{\376\377\000m\000e\000r\000g\000e}{subsection.2.1.2}% 8
\BOOKMARK [3][-]{subsubsection.2.1.2.3}{\376\377\000M\000e\000r\000g\000e\000S\000o\000r\000t}{subsection.2.1.2}% 9
\BOOKMARK [3][-]{subsubsection.2.1.2.4}{\376\377\000Q\000u\000i\000c\000k\000s\000o\000r\000t}{subsection.2.1.2}% 10
\BOOKMARK [3][-]{subsubsection.2.1.2.5}{\376\377\000s\000p\000r\000a\000w\000d\000z}{subsection.2.1.2}% 11
\BOOKMARK [3][-]{subsubsection.2.1.2.6}{\376\377\000u\000p\000o\000r\000z\000a\000d\000k\000u\000j\000\137\000k\000o\000p\000i\000e\000c}{subsection.2.1.2}% 12
\BOOKMARK [3][-]{subsubsection.2.1.2.7}{\376\377\000w\000c\000z\000y\000t\000a\000j\000D\000a\000n\000e\000W\000e\000j\000s\000c\000i\000o\000w\000e}{subsection.2.1.2}% 13
\BOOKMARK [3][-]{subsubsection.2.1.2.8}{\376\377\000w\000l\000a\000c\000z\000S\000t\000o\000p\000e\000r}{subsection.2.1.2}% 14
\BOOKMARK [3][-]{subsubsection.2.1.2.9}{\376\377\000w\000y\000k\000o\000n\000a\000j\000A\000l\000g\000o\000r\000y\000t\000m}{subsection.2.1.2}% 15
\BOOKMARK [3][-]{subsubsection.2.1.2.10}{\376\377\000w\000y\000l\000a\000c\000z\000S\000t\000o\000p\000e\000r}{subsection.2.1.2}% 16
\BOOKMARK [1][-]{section.2.2}{\376\377\000k\000o\000l\000e\000j\000k\000a\000\137\000l\000i\000s\000t\000\040\000C\000l\000a\000s\000s\000\040\000R\000e\000f\000e\000r\000e\000n\000c\000e}{chapter.2}% 17
\BOOKMARK [2][-]{subsection.2.2.1}{\376\377\000D\000e\000t\000a\000i\000l\000e\000d\000\040\000D\000e\000s\000c\000r\000i\000p\000t\000i\000o\000n}{section.2.2}% 18
\BOOKMARK [2][-]{subsection.2.2.2}{\376\377\000M\000e\000m\000b\000e\000r\000\040\000F\000u\000n\000c\000t\000i\000o\000n\000\040\000D\000o\000c\000u\000m\000e\000n\000t\000a\000t\000i\000o\000n}{section.2.2}% 19
\BOOKMARK [3][-]{subsubsection.2.2.2.1}{\376\377\000d\000e\000q\000u\000e\000u\000e}{subsection.2.2.2}% 20
\BOOKMARK [3][-]{subsubsection.2.2.2.2}{\376\377\000e\000n\000q\000u\000e\000u\000e}{subsection.2.2.2}% 21
\BOOKMARK [3][-]{subsubsection.2.2.2.3}{\376\377\000i\000s\000e\000m\000p\000t\000y}{subsection.2.2.2}% 22
\BOOKMARK [3][-]{subsubsection.2.2.2.4}{\376\377\000s\000i\000z\000e}{subsection.2.2.2}% 23
\BOOKMARK [1][-]{section.2.3}{\376\377\000k\000o\000l\000e\000j\000k\000a\000\137\000t\000a\000b\000\040\000C\000l\000a\000s\000s\000\040\000R\000e\000f\000e\000r\000e\000n\000c\000e}{chapter.2}% 24
\BOOKMARK [2][-]{subsection.2.3.1}{\376\377\000D\000e\000t\000a\000i\000l\000e\000d\000\040\000D\000e\000s\000c\000r\000i\000p\000t\000i\000o\000n}{section.2.3}% 25
\BOOKMARK [2][-]{subsection.2.3.2}{\376\377\000M\000e\000m\000b\000e\000r\000\040\000F\000u\000n\000c\000t\000i\000o\000n\000\040\000D\000o\000c\000u\000m\000e\000n\000t\000a\000t\000i\000o\000n}{section.2.3}% 26
\BOOKMARK [3][-]{subsubsection.2.3.2.1}{\376\377\000d\000e\000q\000u\000e\000u\000e}{subsection.2.3.2}% 27
\BOOKMARK [3][-]{subsubsection.2.3.2.2}{\376\377\000e\000n\000q\000u\000e\000u\000e}{subsection.2.3.2}% 28
\BOOKMARK [3][-]{subsubsection.2.3.2.3}{\376\377\000i\000s\000e\000m\000p\000t\000y}{subsection.2.3.2}% 29
\BOOKMARK [3][-]{subsubsection.2.3.2.4}{\376\377\000s\000i\000z\000e}{subsection.2.3.2}% 30
\BOOKMARK [1][-]{section.2.4}{\376\377\000K\000o\000n\000t\000e\000n\000e\000r\000\040\000C\000l\000a\000s\000s\000\040\000R\000e\000f\000e\000r\000e\000n\000c\000e}{chapter.2}% 31
\BOOKMARK [2][-]{subsection.2.4.1}{\376\377\000D\000e\000t\000a\000i\000l\000e\000d\000\040\000D\000e\000s\000c\000r\000i\000p\000t\000i\000o\000n}{section.2.4}% 32
\BOOKMARK [2][-]{subsection.2.4.2}{\376\377\000M\000e\000m\000b\000e\000r\000\040\000F\000u\000n\000c\000t\000i\000o\000n\000\040\000D\000o\000c\000u\000m\000e\000n\000t\000a\000t\000i\000o\000n}{section.2.4}% 33
\BOOKMARK [3][-]{subsubsection.2.4.2.1}{\376\377\000d\000o\000d\000a\000j\000\137\000e\000l\000e\000m\000e\000n\000t}{subsection.2.4.2}% 34
\BOOKMARK [3][-]{subsubsection.2.4.2.2}{\376\377\000d\000o\000d\000a\000j\000\137\000e\000l\000e\000m\000e\000n\000t\000y}{subsection.2.4.2}% 35
\BOOKMARK [3][-]{subsubsection.2.4.2.3}{\376\377\000o\000p\000e\000r\000a\000t\000o\000r\000+}{subsection.2.4.2}% 36
\BOOKMARK [3][-]{subsubsection.2.4.2.4}{\376\377\000o\000p\000e\000r\000a\000t\000o\000r\000=}{subsection.2.4.2}% 37
\BOOKMARK [3][-]{subsubsection.2.4.2.5}{\376\377\000o\000p\000e\000r\000a\000t\000o\000r\000=\000=}{subsection.2.4.2}% 38
\BOOKMARK [3][-]{subsubsection.2.4.2.6}{\376\377\000o\000p\000e\000r\000a\000t\000o\000r\000[\000]}{subsection.2.4.2}% 39
\BOOKMARK [3][-]{subsubsection.2.4.2.7}{\376\377\000w\000c\000z\000y\000t\000a\000j\000D\000a\000n\000e}{subsection.2.4.2}% 40
\BOOKMARK [3][-]{subsubsection.2.4.2.8}{\376\377\000w\000e\000z\000\137\000d\000a\000n\000e}{subsection.2.4.2}% 41
\BOOKMARK [3][-]{subsubsection.2.4.2.9}{\376\377\000w\000e\000z\000\137\000r\000o\000z\000m\000i\000a\000r}{subsection.2.4.2}% 42
\BOOKMARK [3][-]{subsubsection.2.4.2.10}{\376\377\000z\000a\000m\000i\000e\000n\000\137\000e\000l\000e\000m\000e\000n\000t\000y}{subsection.2.4.2}% 43
\BOOKMARK [1][-]{section.2.5}{\376\377\000s\000t\000o\000s\000\137\000l\000i\000s\000t\000\040\000C\000l\000a\000s\000s\000\040\000R\000e\000f\000e\000r\000e\000n\000c\000e}{chapter.2}% 44
\BOOKMARK [2][-]{subsection.2.5.1}{\376\377\000D\000e\000t\000a\000i\000l\000e\000d\000\040\000D\000e\000s\000c\000r\000i\000p\000t\000i\000o\000n}{section.2.5}% 45
\BOOKMARK [2][-]{subsection.2.5.2}{\376\377\000M\000e\000m\000b\000e\000r\000\040\000F\000u\000n\000c\000t\000i\000o\000n\000\040\000D\000o\000c\000u\000m\000e\000n\000t\000a\000t\000i\000o\000n}{section.2.5}% 46
\BOOKMARK [3][-]{subsubsection.2.5.2.1}{\376\377\000i\000s\000e\000m\000p\000t\000y}{subsection.2.5.2}% 47
\BOOKMARK [3][-]{subsubsection.2.5.2.2}{\376\377\000p\000o\000p}{subsection.2.5.2}% 48
\BOOKMARK [3][-]{subsubsection.2.5.2.3}{\376\377\000p\000u\000s\000h}{subsection.2.5.2}% 49
\BOOKMARK [3][-]{subsubsection.2.5.2.4}{\376\377\000s\000i\000z\000e}{subsection.2.5.2}% 50
\BOOKMARK [1][-]{section.2.6}{\376\377\000s\000t\000o\000s\000\137\000t\000a\000b\000\040\000C\000l\000a\000s\000s\000\040\000R\000e\000f\000e\000r\000e\000n\000c\000e}{chapter.2}% 51
\BOOKMARK [2][-]{subsection.2.6.1}{\376\377\000D\000e\000t\000a\000i\000l\000e\000d\000\040\000D\000e\000s\000c\000r\000i\000p\000t\000i\000o\000n}{section.2.6}% 52
\BOOKMARK [2][-]{subsection.2.6.2}{\376\377\000M\000e\000m\000b\000e\000r\000\040\000F\000u\000n\000c\000t\000i\000o\000n\000\040\000D\000o\000c\000u\000m\000e\000n\000t\000a\000t\000i\000o\000n}{section.2.6}% 53
\BOOKMARK [3][-]{subsubsection.2.6.2.1}{\376\377\000i\000s\000e\000m\000p\000t\000y}{subsection.2.6.2}% 54
\BOOKMARK [3][-]{subsubsection.2.6.2.2}{\376\377\000p\000o\000p}{subsection.2.6.2}% 55
\BOOKMARK [3][-]{subsubsection.2.6.2.3}{\376\377\000p\000u\000s\000h}{subsection.2.6.2}% 56
\BOOKMARK [3][-]{subsubsection.2.6.2.4}{\376\377\000s\000i\000z\000e}{subsection.2.6.2}% 57
\BOOKMARK [1][-]{section.2.7}{\376\377\000T\000e\000s\000t\000e\000r\000\040\000C\000l\000a\000s\000s\000\040\000R\000e\000f\000e\000r\000e\000n\000c\000e}{chapter.2}% 58
\BOOKMARK [2][-]{subsection.2.7.1}{\376\377\000D\000e\000t\000a\000i\000l\000e\000d\000\040\000D\000e\000s\000c\000r\000i\000p\000t\000i\000o\000n}{section.2.7}% 59
\BOOKMARK [2][-]{subsection.2.7.2}{\376\377\000M\000e\000m\000b\000e\000r\000\040\000F\000u\000n\000c\000t\000i\000o\000n\000\040\000D\000o\000c\000u\000m\000e\000n\000t\000a\000t\000i\000o\000n}{section.2.7}% 60
\BOOKMARK [3][-]{subsubsection.2.7.2.1}{\376\377\000z\000a\000m\000i\000e\000n\000N\000a\000z\000w\000y}{subsection.2.7.2}% 61
