\BOOKMARK [0][-]{chapter.1}{\376\377\000C\000l\000a\000s\000s\000\040\000I\000n\000d\000e\000x}{}% 1
\BOOKMARK [1][-]{section.1.1}{\376\377\000C\000l\000a\000s\000s\000\040\000L\000i\000s\000t}{chapter.1}% 2
\BOOKMARK [0][-]{chapter.2}{\376\377\000C\000l\000a\000s\000s\000\040\000D\000o\000c\000u\000m\000e\000n\000t\000a\000t\000i\000o\000n}{}% 3
\BOOKMARK [1][-]{section.2.1}{\376\377\000D\000z\000i\000a\000l\000a\000n\000i\000e\000\040\000C\000l\000a\000s\000s\000\040\000R\000e\000f\000e\000r\000e\000n\000c\000e}{chapter.2}% 4
\BOOKMARK [2][-]{subsection.2.1.1}{\376\377\000D\000e\000t\000a\000i\000l\000e\000d\000\040\000D\000e\000s\000c\000r\000i\000p\000t\000i\000o\000n}{section.2.1}% 5
\BOOKMARK [2][-]{subsection.2.1.2}{\376\377\000M\000e\000m\000b\000e\000r\000\040\000F\000u\000n\000c\000t\000i\000o\000n\000\040\000D\000o\000c\000u\000m\000e\000n\000t\000a\000t\000i\000o\000n}{section.2.1}% 6
\BOOKMARK [3][-]{subsubsection.2.1.2.1}{\376\377\000s\000p\000r\000a\000w\000d\000z}{subsection.2.1.2}% 7
\BOOKMARK [3][-]{subsubsection.2.1.2.2}{\376\377\000w\000c\000z\000y\000t\000a\000j\000D\000a\000n\000e\000W\000e\000j\000s\000c\000i\000o\000w\000e}{subsection.2.1.2}% 8
\BOOKMARK [3][-]{subsubsection.2.1.2.3}{\376\377\000w\000y\000k\000o\000n\000a\000j\000A\000l\000g\000o\000r\000y\000t\000m}{subsection.2.1.2}% 9
\BOOKMARK [1][-]{section.2.2}{\376\377\000e\000l\000e\000m\000\040\000S\000t\000r\000u\000c\000t\000\040\000R\000e\000f\000e\000r\000e\000n\000c\000e}{chapter.2}% 10
\BOOKMARK [2][-]{subsection.2.2.1}{\376\377\000D\000e\000t\000a\000i\000l\000e\000d\000\040\000D\000e\000s\000c\000r\000i\000p\000t\000i\000o\000n}{section.2.2}% 11
\BOOKMARK [1][-]{section.2.3}{\376\377\000P\000a\000r\000a\000<\000\040\000W\000a\000r\000t\000o\000s\000c\000\040\000>\000\040\000C\000l\000a\000s\000s\000\040\000T\000e\000m\000p\000l\000a\000t\000e\000\040\000R\000e\000f\000e\000r\000e\000n\000c\000e}{chapter.2}% 12
\BOOKMARK [2][-]{subsection.2.3.1}{\376\377\000D\000e\000t\000a\000i\000l\000e\000d\000\040\000D\000e\000s\000c\000r\000i\000p\000t\000i\000o\000n}{section.2.3}% 13
\BOOKMARK [2][-]{subsection.2.3.2}{\376\377\000M\000e\000m\000b\000e\000r\000\040\000F\000u\000n\000c\000t\000i\000o\000n\000\040\000D\000o\000c\000u\000m\000e\000n\000t\000a\000t\000i\000o\000n}{section.2.3}% 14
\BOOKMARK [3][-]{subsubsection.2.3.2.1}{\376\377\000k\000l\000u\000c\000z}{subsection.2.3.2}% 15
\BOOKMARK [3][-]{subsubsection.2.3.2.2}{\376\377\000k\000l\000u\000c\000z}{subsection.2.3.2}% 16
\BOOKMARK [3][-]{subsubsection.2.3.2.3}{\376\377\000w\000a\000r\000t\000o\000s\000c}{subsection.2.3.2}% 17
\BOOKMARK [3][-]{subsubsection.2.3.2.4}{\376\377\000w\000a\000r\000t\000o\000s\000c}{subsection.2.3.2}% 18
\BOOKMARK [1][-]{section.2.4}{\376\377\000T\000a\000b\000\137\000a\000s\000o\000c\000j\000a\000c\000y\000j\000n\000a\000<\000\040\000W\000a\000r\000t\000o\000s\000c\000\040\000>\000\040\000C\000l\000a\000s\000s\000\040\000T\000e\000m\000p\000l\000a\000t\000e\000\040\000R\000e\000f\000e\000r\000e\000n\000c\000e}{chapter.2}% 19
\BOOKMARK [2][-]{subsection.2.4.1}{\376\377\000C\000o\000n\000s\000t\000r\000u\000c\000t\000o\000r\000\040\000\046\000\040\000D\000e\000s\000t\000r\000u\000c\000t\000o\000r\000\040\000D\000o\000c\000u\000m\000e\000n\000t\000a\000t\000i\000o\000n}{section.2.4}% 20
\BOOKMARK [3][-]{subsubsection.2.4.1.1}{\376\377\000T\000a\000b\000\137\000a\000s\000o\000c\000j\000a\000c\000y\000j\000n\000a}{subsection.2.4.1}% 21
\BOOKMARK [2][-]{subsection.2.4.2}{\376\377\000M\000e\000m\000b\000e\000r\000\040\000F\000u\000n\000c\000t\000i\000o\000n\000\040\000D\000o\000c\000u\000m\000e\000n\000t\000a\000t\000i\000o\000n}{section.2.4}% 22
\BOOKMARK [3][-]{subsubsection.2.4.2.1}{\376\377\000c\000z\000y\000\137\000p\000u\000s\000t\000a}{subsection.2.4.2}% 23
\BOOKMARK [3][-]{subsubsection.2.4.2.2}{\376\377\000d\000o\000d\000a\000j}{subsection.2.4.2}% 24
\BOOKMARK [3][-]{subsubsection.2.4.2.3}{\376\377\000p\000o\000b\000i\000e\000r\000z}{subsection.2.4.2}% 25
\BOOKMARK [3][-]{subsubsection.2.4.2.4}{\376\377\000r\000o\000z\000m\000i\000a\000r}{subsection.2.4.2}% 26
\BOOKMARK [3][-]{subsubsection.2.4.2.5}{\376\377\000u\000s\000u\000n}{subsection.2.4.2}% 27
\BOOKMARK [3][-]{subsubsection.2.4.2.6}{\376\377\000z\000m\000i\000e\000n}{subsection.2.4.2}% 28
\BOOKMARK [1][-]{section.2.5}{\376\377\000t\000a\000b\000\137\000h\000a\000s\000h\000\040\000C\000l\000a\000s\000s\000\040\000R\000e\000f\000e\000r\000e\000n\000c\000e}{chapter.2}% 29
\BOOKMARK [2][-]{subsection.2.5.1}{\376\377\000D\000e\000t\000a\000i\000l\000e\000d\000\040\000D\000e\000s\000c\000r\000i\000p\000t\000i\000o\000n}{section.2.5}% 30
\BOOKMARK [2][-]{subsection.2.5.2}{\376\377\000M\000e\000m\000b\000e\000r\000\040\000F\000u\000n\000c\000t\000i\000o\000n\000\040\000D\000o\000c\000u\000m\000e\000n\000t\000a\000t\000i\000o\000n}{section.2.5}% 31
\BOOKMARK [3][-]{subsubsection.2.5.2.1}{\376\377\000d\000o\000d\000a\000j}{subsection.2.5.2}% 32
\BOOKMARK [3][-]{subsubsection.2.5.2.2}{\376\377\000p\000o\000b\000i\000e\000r\000z}{subsection.2.5.2}% 33
\BOOKMARK [3][-]{subsubsection.2.5.2.3}{\376\377\000u\000s\000u\000n}{subsection.2.5.2}% 34
\BOOKMARK [3][-]{subsubsection.2.5.2.4}{\376\377\000w\000y\000p\000i\000s\000z}{subsection.2.5.2}% 35
\BOOKMARK [1][-]{section.2.6}{\376\377\000T\000a\000b\000l\000i\000c\000a\000\137\000a\000s\000o\000c\000j\000a\000c\000y\000j\000n\000a\000<\000\040\000W\000a\000r\000t\000o\000s\000c\000\040\000>\000\040\000C\000l\000a\000s\000s\000\040\000T\000e\000m\000p\000l\000a\000t\000e\000\040\000R\000e\000f\000e\000r\000e\000n\000c\000e}{chapter.2}% 36
\BOOKMARK [2][-]{subsection.2.6.1}{\376\377\000D\000e\000t\000a\000i\000l\000e\000d\000\040\000D\000e\000s\000c\000r\000i\000p\000t\000i\000o\000n}{section.2.6}% 37
\BOOKMARK [2][-]{subsection.2.6.2}{\376\377\000C\000o\000n\000s\000t\000r\000u\000c\000t\000o\000r\000\040\000\046\000\040\000D\000e\000s\000t\000r\000u\000c\000t\000o\000r\000\040\000D\000o\000c\000u\000m\000e\000n\000t\000a\000t\000i\000o\000n}{section.2.6}% 38
\BOOKMARK [3][-]{subsubsection.2.6.2.1}{\376\377\000T\000a\000b\000l\000i\000c\000a\000\137\000a\000s\000o\000c\000j\000a\000c\000y\000j\000n\000a}{subsection.2.6.2}% 39
\BOOKMARK [2][-]{subsection.2.6.3}{\376\377\000M\000e\000m\000b\000e\000r\000\040\000F\000u\000n\000c\000t\000i\000o\000n\000\040\000D\000o\000c\000u\000m\000e\000n\000t\000a\000t\000i\000o\000n}{section.2.6}% 40
\BOOKMARK [3][-]{subsubsection.2.6.3.1}{\376\377\000c\000z\000y\000\137\000z\000n\000a\000l\000a\000z\000l\000o}{subsection.2.6.3}% 41
\BOOKMARK [3][-]{subsubsection.2.6.3.2}{\376\377\000d\000o\000d\000a\000j}{subsection.2.6.3}% 42
\BOOKMARK [3][-]{subsubsection.2.6.3.3}{\376\377\000u\000s\000u\000n}{subsection.2.6.3}% 43
\BOOKMARK [3][-]{subsubsection.2.6.3.4}{\376\377\000z\000m\000i\000e\000n}{subsection.2.6.3}% 44
\BOOKMARK [3][-]{subsubsection.2.6.3.5}{\376\377\000z\000n\000a\000j\000d\000z}{subsection.2.6.3}% 45
\BOOKMARK [1][-]{section.2.7}{\376\377\000T\000e\000s\000t\000e\000r\000\040\000C\000l\000a\000s\000s\000\040\000R\000e\000f\000e\000r\000e\000n\000c\000e}{chapter.2}% 46
\BOOKMARK [2][-]{subsection.2.7.1}{\376\377\000D\000e\000t\000a\000i\000l\000e\000d\000\040\000D\000e\000s\000c\000r\000i\000p\000t\000i\000o\000n}{section.2.7}% 47
\BOOKMARK [2][-]{subsection.2.7.2}{\376\377\000M\000e\000m\000b\000e\000r\000\040\000F\000u\000n\000c\000t\000i\000o\000n\000\040\000D\000o\000c\000u\000m\000e\000n\000t\000a\000t\000i\000o\000n}{section.2.7}% 48
\BOOKMARK [3][-]{subsubsection.2.7.2.1}{\376\377\000z\000a\000m\000i\000e\000n\000N\000a\000z\000w\000y}{subsection.2.7.2}% 49
\BOOKMARK [1][-]{section.2.8}{\376\377\000w\000e\000z\000e\000l\000<\000\040\000W\000a\000r\000t\000o\000s\000c\000\040\000>\000\040\000S\000t\000r\000u\000c\000t\000\040\000T\000e\000m\000p\000l\000a\000t\000e\000\040\000R\000e\000f\000e\000r\000e\000n\000c\000e}{chapter.2}% 50
\BOOKMARK [2][-]{subsection.2.8.1}{\376\377\000D\000e\000t\000a\000i\000l\000e\000d\000\040\000D\000e\000s\000c\000r\000i\000p\000t\000i\000o\000n}{section.2.8}% 51
